<?xml version="1.0" encoding="UTF-8"?>
<testng-results ignored="0" total="1" passed="1" failed="0" skipped="0">
  <reporter-output>
  </reporter-output>
  <suite started-at="2022-05-09T12:19:49 IST" name="Default suite" finished-at="2022-05-09T12:19:49 IST" duration-ms="262">
    <groups>
    </groups>
    <test started-at="2022-05-09T12:19:49 IST" name="Default test" finished-at="2022-05-09T12:19:49 IST" duration-ms="262">
      <class name="com.example.demo.MockitoDemoApplicationTests">
        <test-method signature="test()[pri:0, instance:com.example.demo.MockitoDemoApplicationTests@f78a47e]" started-at="2022-05-09T12:19:49 IST" name="test" finished-at="2022-05-09T12:19:49 IST" duration-ms="83" status="PASS">
          <reporter-output>
          </reporter-output>
        </test-method> <!-- test -->
      </class> <!-- com.example.demo.MockitoDemoApplicationTests -->
    </test> <!-- Default test -->
  </suite> <!-- Default suite -->
</testng-results>
